\BOOKMARK [1][-]{Section.0.Introduction.1}{Introduction}{}% 1
\BOOKMARK [1][-]{Section.1.Theory behind seasonal adjustment.1}{Theory behind seasonal adjustment}{}% 2
\BOOKMARK [2][-]{Subsection.2.0.Pre-adjustment with TRAMO and Reg-ARIMA models.2}{Pre-adjustment with TRAMO and Reg-ARIMA models}{Section.1.Theory behind seasonal adjustment.1}% 3
\BOOKMARK [2][-]{Subsection.2.1.Decomposition with X-11.2}{Decomposition with X-11}{Section.1.Theory behind seasonal adjustment.1}% 4
\BOOKMARK [2][-]{Subsection.2.2.Decomposition with SEATS.2}{Decomposition with SEATS}{Section.1.Theory behind seasonal adjustment.1}% 5
\BOOKMARK [1][-]{Section.2.JDemetra+ and RJDemetra.1}{JDemetra+ and RJDemetra}{}% 6
\BOOKMARK [2][-]{Subsection.3.0.Dataset.2}{Dataset}{Section.2.JDemetra+ and RJDemetra.1}% 7
\BOOKMARK [2][-]{Subsection.3.1.Print styling.2}{Print styling}{Section.2.JDemetra+ and RJDemetra.1}% 8
\BOOKMARK [1][-]{Section.3.Estimate a pre-defined RegARIMA and SA model.1}{Estimate a pre-defined RegARIMA and SA model}{}% 9
\BOOKMARK [1][-]{Section.4.Class object structure.1}{Class object structure}{}% 10
\BOOKMARK [2][-]{Subsection.5.0.Regarima.2}{Regarima}{Section.4.Class object structure.1}% 11
\BOOKMARK [2][-]{Subsection.5.1.Decomposition.2}{Decomposition}{Section.4.Class object structure.1}% 12
\BOOKMARK [2][-]{Subsection.5.2.Final.2}{Final}{Section.4.Class object structure.1}% 13
\BOOKMARK [2][-]{Subsection.5.3.Diagnostics.2}{Diagnostics}{Section.4.Class object structure.1}% 14
\BOOKMARK [2][-]{Subsection.5.4.user defined.2}{user defined}{Section.4.Class object structure.1}% 15
\BOOKMARK [1][-]{Section.5.Model specification: creation and modification.1}{Model specification: creation and modification}{}% 16
\BOOKMARK [1][-]{Section.6.Manipulate JDemetra+ workspaces.1}{Manipulate JDemetra+ workspaces}{}% 17
\BOOKMARK [2][-]{Subsection.7.0.Export a workspace.2}{Export a workspace}{Section.6.Manipulate JDemetra+ workspaces.1}% 18
\BOOKMARK [2][-]{Subsection.7.1.Import a workspace.2}{Import a workspace}{Section.6.Manipulate JDemetra+ workspaces.1}% 19
\BOOKMARK [1][-]{Section.7.Advanced usage and examples.1}{Advanced usage and examples}{}% 20
\BOOKMARK [1][-]{Section.8.Conclusion.1}{Conclusion}{}% 21
\BOOKMARK [1][-]{Section.9.Acknowledgments.1}{Acknowledgments}{}% 22
